<?xml version="1.0" encoding="UTF-8"?>
<testsuite xmlns:xsi="http://www.w3.org/2001/XMLSchema-instance" xsi:noNamespaceSchemaLocation="https://maven.apache.org/surefire/maven-surefire-plugin/xsd/surefire-test-report.xsd" name="TestSuite" time="6.634" tests="1" errors="0" skipped="0" failures="0">
  <properties>
    <property name="gopherProxySet" value="false"/>
    <property name="awt.toolkit" value="sun.lwawt.macosx.LWCToolkit"/>
    <property name="file.encoding.pkg" value="sun.io"/>
    <property name="java.specification.version" value="1.8"/>
    <property name="sun.cpu.isalist" value=""/>
    <property name="sun.jnu.encoding" value="UTF-8"/>
    <property name="java.class.path" value="/Users/macos/Desktop/OldFace/study/dev/target/test-classes:/Users/macos/Desktop/OldFace/study/dev/target/classes:/Users/macos/Desktop/OldFace/tools/maven/repository/org/springframework/boot/spring-boot-starter-web/2.2.5.RELEASE/spring-boot-starter-web-2.2.5.RELEASE.jar:/Users/macos/Desktop/OldFace/tools/maven/repository/org/springframework/boot/spring-boot-starter/2.2.5.RELEASE/spring-boot-starter-2.2.5.RELEASE.jar:/Users/macos/Desktop/OldFace/tools/maven/repository/jakarta/annotation/jakarta.annotation-api/1.3.5/jakarta.annotation-api-1.3.5.jar:/Users/macos/Desktop/OldFace/tools/maven/repository/org/springframework/boot/spring-boot-starter-json/2.2.5.RELEASE/spring-boot-starter-json-2.2.5.RELEASE.jar:/Users/macos/Desktop/OldFace/tools/maven/repository/com/fasterxml/jackson/datatype/jackson-datatype-jdk8/2.10.2/jackson-datatype-jdk8-2.10.2.jar:/Users/macos/Desktop/OldFace/tools/maven/repository/com/fasterxml/jackson/datatype/jackson-datatype-jsr310/2.10.2/jackson-datatype-jsr310-2.10.2.jar:/Users/macos/Desktop/OldFace/tools/maven/repository/com/fasterxml/jackson/module/jackson-module-parameter-names/2.10.2/jackson-module-parameter-names-2.10.2.jar:/Users/macos/Desktop/OldFace/tools/maven/repository/org/springframework/boot/spring-boot-starter-tomcat/2.2.5.RELEASE/spring-boot-starter-tomcat-2.2.5.RELEASE.jar:/Users/macos/Desktop/OldFace/tools/maven/repository/org/apache/tomcat/embed/tomcat-embed-core/9.0.31/tomcat-embed-core-9.0.31.jar:/Users/macos/Desktop/OldFace/tools/maven/repository/org/apache/tomcat/embed/tomcat-embed-el/9.0.31/tomcat-embed-el-9.0.31.jar:/Users/macos/Desktop/OldFace/tools/maven/repository/org/apache/tomcat/embed/tomcat-embed-websocket/9.0.31/tomcat-embed-websocket-9.0.31.jar:/Users/macos/Desktop/OldFace/tools/maven/repository/org/springframework/boot/spring-boot-starter-validation/2.2.5.RELEASE/spring-boot-starter-validation-2.2.5.RELEASE.jar:/Users/macos/Desktop/OldFace/tools/maven/repository/jakarta/validation/jakarta.validation-api/2.0.2/jakarta.validation-api-2.0.2.jar:/Users/macos/Desktop/OldFace/tools/maven/repository/org/hibernate/validator/hibernate-validator/6.0.18.Final/hibernate-validator-6.0.18.Final.jar:/Users/macos/Desktop/OldFace/tools/maven/repository/org/jboss/logging/jboss-logging/3.4.1.Final/jboss-logging-3.4.1.Final.jar:/Users/macos/Desktop/OldFace/tools/maven/repository/com/fasterxml/classmate/1.5.1/classmate-1.5.1.jar:/Users/macos/Desktop/OldFace/tools/maven/repository/org/springframework/spring-web/5.2.4.RELEASE/spring-web-5.2.4.RELEASE.jar:/Users/macos/Desktop/OldFace/tools/maven/repository/org/springframework/spring-beans/5.2.4.RELEASE/spring-beans-5.2.4.RELEASE.jar:/Users/macos/Desktop/OldFace/tools/maven/repository/org/springframework/spring-webmvc/5.2.4.RELEASE/spring-webmvc-5.2.4.RELEASE.jar:/Users/macos/Desktop/OldFace/tools/maven/repository/org/springframework/spring-aop/5.2.4.RELEASE/spring-aop-5.2.4.RELEASE.jar:/Users/macos/Desktop/OldFace/tools/maven/repository/org/springframework/spring-expression/5.2.4.RELEASE/spring-expression-5.2.4.RELEASE.jar:/Users/macos/Desktop/OldFace/tools/maven/repository/org/springframework/boot/spring-boot-starter-test/2.2.5.RELEASE/spring-boot-starter-test-2.2.5.RELEASE.jar:/Users/macos/Desktop/OldFace/tools/maven/repository/org/springframework/boot/spring-boot-test-autoconfigure/2.2.5.RELEASE/spring-boot-test-autoconfigure-2.2.5.RELEASE.jar:/Users/macos/Desktop/OldFace/tools/maven/repository/com/jayway/jsonpath/json-path/2.4.0/json-path-2.4.0.jar:/Users/macos/Desktop/OldFace/tools/maven/repository/net/minidev/json-smart/2.3/json-smart-2.3.jar:/Users/macos/Desktop/OldFace/tools/maven/repository/net/minidev/accessors-smart/1.2/accessors-smart-1.2.jar:/Users/macos/Desktop/OldFace/tools/maven/repository/org/ow2/asm/asm/5.0.4/asm-5.0.4.jar:/Users/macos/Desktop/OldFace/tools/maven/repository/jakarta/xml/bind/jakarta.xml.bind-api/2.3.2/jakarta.xml.bind-api-2.3.2.jar:/Users/macos/Desktop/OldFace/tools/maven/repository/jakarta/activation/jakarta.activation-api/1.2.2/jakarta.activation-api-1.2.2.jar:/Users/macos/Desktop/OldFace/tools/maven/repository/org/junit/jupiter/junit-jupiter/5.5.2/junit-jupiter-5.5.2.jar:/Users/macos/Desktop/OldFace/tools/maven/repository/org/junit/jupiter/junit-jupiter-api/5.5.2/junit-jupiter-api-5.5.2.jar:/Users/macos/Desktop/OldFace/tools/maven/repository/org/apiguardian/apiguardian-api/1.1.0/apiguardian-api-1.1.0.jar:/Users/macos/Desktop/OldFace/tools/maven/repository/org/opentest4j/opentest4j/1.2.0/opentest4j-1.2.0.jar:/Users/macos/Desktop/OldFace/tools/maven/repository/org/junit/platform/junit-platform-commons/1.5.2/junit-platform-commons-1.5.2.jar:/Users/macos/Desktop/OldFace/tools/maven/repository/org/junit/jupiter/junit-jupiter-params/5.5.2/junit-jupiter-params-5.5.2.jar:/Users/macos/Desktop/OldFace/tools/maven/repository/org/junit/jupiter/junit-jupiter-engine/5.5.2/junit-jupiter-engine-5.5.2.jar:/Users/macos/Desktop/OldFace/tools/maven/repository/org/junit/platform/junit-platform-engine/1.5.2/junit-platform-engine-1.5.2.jar:/Users/macos/Desktop/OldFace/tools/maven/repository/org/mockito/mockito-junit-jupiter/3.1.0/mockito-junit-jupiter-3.1.0.jar:/Users/macos/Desktop/OldFace/tools/maven/repository/org/assertj/assertj-core/3.13.2/assertj-core-3.13.2.jar:/Users/macos/Desktop/OldFace/tools/maven/repository/org/hamcrest/hamcrest/2.1/hamcrest-2.1.jar:/Users/macos/Desktop/OldFace/tools/maven/repository/org/mockito/mockito-core/3.1.0/mockito-core-3.1.0.jar:/Users/macos/Desktop/OldFace/tools/maven/repository/net/bytebuddy/byte-buddy/1.10.8/byte-buddy-1.10.8.jar:/Users/macos/Desktop/OldFace/tools/maven/repository/net/bytebuddy/byte-buddy-agent/1.10.8/byte-buddy-agent-1.10.8.jar:/Users/macos/Desktop/OldFace/tools/maven/repository/org/objenesis/objenesis/2.6/objenesis-2.6.jar:/Users/macos/Desktop/OldFace/tools/maven/repository/org/skyscreamer/jsonassert/1.5.0/jsonassert-1.5.0.jar:/Users/macos/Desktop/OldFace/tools/maven/repository/com/vaadin/external/google/android-json/0.0.20131108.vaadin1/android-json-0.0.20131108.vaadin1.jar:/Users/macos/Desktop/OldFace/tools/maven/repository/org/springframework/spring-core/5.2.4.RELEASE/spring-core-5.2.4.RELEASE.jar:/Users/macos/Desktop/OldFace/tools/maven/repository/org/springframework/spring-jcl/5.2.4.RELEASE/spring-jcl-5.2.4.RELEASE.jar:/Users/macos/Desktop/OldFace/tools/maven/repository/org/xmlunit/xmlunit-core/2.6.3/xmlunit-core-2.6.3.jar:/Users/macos/Desktop/OldFace/tools/maven/repository/org/springframework/boot/spring-boot-starter-logging/2.2.5.RELEASE/spring-boot-starter-logging-2.2.5.RELEASE.jar:/Users/macos/Desktop/OldFace/tools/maven/repository/ch/qos/logback/logback-classic/1.2.3/logback-classic-1.2.3.jar:/Users/macos/Desktop/OldFace/tools/maven/repository/ch/qos/logback/logback-core/1.2.3/logback-core-1.2.3.jar:/Users/macos/Desktop/OldFace/tools/maven/repository/org/apache/logging/log4j/log4j-to-slf4j/2.12.1/log4j-to-slf4j-2.12.1.jar:/Users/macos/Desktop/OldFace/tools/maven/repository/org/apache/logging/log4j/log4j-api/2.12.1/log4j-api-2.12.1.jar:/Users/macos/Desktop/OldFace/tools/maven/repository/org/slf4j/jul-to-slf4j/1.7.30/jul-to-slf4j-1.7.30.jar:/Users/macos/Desktop/OldFace/tools/maven/repository/org/springframework/boot/spring-boot-starter-thymeleaf/2.2.5.RELEASE/spring-boot-starter-thymeleaf-2.2.5.RELEASE.jar:/Users/macos/Desktop/OldFace/tools/maven/repository/org/thymeleaf/thymeleaf-spring5/3.0.11.RELEASE/thymeleaf-spring5-3.0.11.RELEASE.jar:/Users/macos/Desktop/OldFace/tools/maven/repository/org/thymeleaf/thymeleaf/3.0.11.RELEASE/thymeleaf-3.0.11.RELEASE.jar:/Users/macos/Desktop/OldFace/tools/maven/repository/org/attoparser/attoparser/2.0.5.RELEASE/attoparser-2.0.5.RELEASE.jar:/Users/macos/Desktop/OldFace/tools/maven/repository/org/unbescape/unbescape/1.1.6.RELEASE/unbescape-1.1.6.RELEASE.jar:/Users/macos/Desktop/OldFace/tools/maven/repository/org/thymeleaf/extras/thymeleaf-extras-java8time/3.0.4.RELEASE/thymeleaf-extras-java8time-3.0.4.RELEASE.jar:/Users/macos/Desktop/OldFace/tools/maven/repository/com/alibaba/druid-spring-boot-starter/1.1.18/druid-spring-boot-starter-1.1.18.jar:/Users/macos/Desktop/OldFace/tools/maven/repository/com/alibaba/druid/1.1.18/druid-1.1.18.jar:/Users/macos/Desktop/OldFace/tools/maven/repository/org/slf4j/slf4j-api/1.7.30/slf4j-api-1.7.30.jar:/Users/macos/Desktop/OldFace/tools/maven/repository/org/springframework/boot/spring-boot-autoconfigure/2.2.5.RELEASE/spring-boot-autoconfigure-2.2.5.RELEASE.jar:/Users/macos/Desktop/OldFace/tools/maven/repository/org/mybatis/spring/boot/mybatis-spring-boot-starter/1.3.2/mybatis-spring-boot-starter-1.3.2.jar:/Users/macos/Desktop/OldFace/tools/maven/repository/org/springframework/boot/spring-boot-starter-jdbc/2.2.5.RELEASE/spring-boot-starter-jdbc-2.2.5.RELEASE.jar:/Users/macos/Desktop/OldFace/tools/maven/repository/com/zaxxer/HikariCP/3.4.2/HikariCP-3.4.2.jar:/Users/macos/Desktop/OldFace/tools/maven/repository/org/springframework/spring-jdbc/5.2.4.RELEASE/spring-jdbc-5.2.4.RELEASE.jar:/Users/macos/Desktop/OldFace/tools/maven/repository/org/springframework/spring-tx/5.2.4.RELEASE/spring-tx-5.2.4.RELEASE.jar:/Users/macos/Desktop/OldFace/tools/maven/repository/org/mybatis/spring/boot/mybatis-spring-boot-autoconfigure/1.3.2/mybatis-spring-boot-autoconfigure-1.3.2.jar:/Users/macos/Desktop/OldFace/tools/maven/repository/org/mybatis/mybatis/3.4.6/mybatis-3.4.6.jar:/Users/macos/Desktop/OldFace/tools/maven/repository/org/mybatis/mybatis-spring/1.3.2/mybatis-spring-1.3.2.jar:/Users/macos/Desktop/OldFace/tools/maven/repository/org/mybatis/generator/mybatis-generator-core/1.3.5/mybatis-generator-core-1.3.5.jar:/Users/macos/Desktop/OldFace/tools/maven/repository/mysql/mysql-connector-java/8.0.12/mysql-connector-java-8.0.12.jar:/Users/macos/Desktop/OldFace/tools/maven/repository/org/projectlombok/lombok/1.18.12/lombok-1.18.12.jar:/Users/macos/Desktop/OldFace/tools/maven/repository/com/alibaba/fastjson/1.2.60/fastjson-1.2.60.jar:/Users/macos/Desktop/OldFace/tools/maven/repository/com/github/pagehelper/pagehelper-spring-boot-starter/1.2.5/pagehelper-spring-boot-starter-1.2.5.jar:/Users/macos/Desktop/OldFace/tools/maven/repository/com/github/pagehelper/pagehelper-spring-boot-autoconfigure/1.2.5/pagehelper-spring-boot-autoconfigure-1.2.5.jar:/Users/macos/Desktop/OldFace/tools/maven/repository/com/github/pagehelper/pagehelper/5.1.4/pagehelper-5.1.4.jar:/Users/macos/Desktop/OldFace/tools/maven/repository/com/github/jsqlparser/jsqlparser/1.0/jsqlparser-1.0.jar:/Users/macos/Desktop/OldFace/tools/maven/repository/org/testng/testng/6.14.3/testng-6.14.3.jar:/Users/macos/Desktop/OldFace/tools/maven/repository/com/beust/jcommander/1.72/jcommander-1.72.jar:/Users/macos/Desktop/OldFace/tools/maven/repository/org/apache-extras/beanshell/bsh/2.0b6/bsh-2.0b6.jar:/Users/macos/Desktop/OldFace/tools/maven/repository/junit/junit/4.13/junit-4.13.jar:/Users/macos/Desktop/OldFace/tools/maven/repository/org/hamcrest/hamcrest-core/2.1/hamcrest-core-2.1.jar:/Users/macos/Desktop/OldFace/tools/maven/repository/com/aventstack/extentreports/3.1.0/extentreports-3.1.0.jar:/Users/macos/Desktop/OldFace/tools/maven/repository/org/freemarker/freemarker/2.3.29/freemarker-2.3.29.jar:/Users/macos/Desktop/OldFace/tools/maven/repository/org/mongodb/mongodb-driver/3.11.2/mongodb-driver-3.11.2.jar:/Users/macos/Desktop/OldFace/tools/maven/repository/org/mongodb/bson/3.11.2/bson-3.11.2.jar:/Users/macos/Desktop/OldFace/tools/maven/repository/org/mongodb/mongodb-driver-core/3.11.2/mongodb-driver-core-3.11.2.jar:/Users/macos/Desktop/OldFace/tools/maven/repository/org/apache/httpcomponents/httpclient/4.5.11/httpclient-4.5.11.jar:/Users/macos/Desktop/OldFace/tools/maven/repository/org/apache/httpcomponents/httpcore/4.4.13/httpcore-4.4.13.jar:/Users/macos/Desktop/OldFace/tools/maven/repository/org/apache/httpcomponents/httpmime/4.5.11/httpmime-4.5.11.jar:/Users/macos/Desktop/OldFace/tools/maven/repository/org/jsoup/jsoup/1.9.2/jsoup-1.9.2.jar:/Users/macos/Desktop/OldFace/tools/maven/repository/com/google/code/gson/gson/2.8.6/gson-2.8.6.jar:/Users/macos/Desktop/OldFace/tools/maven/repository/com/squareup/okhttp3/okhttp/3.14.2/okhttp-3.14.2.jar:/Users/macos/Desktop/OldFace/tools/maven/repository/com/squareup/okio/okio/1.17.2/okio-1.17.2.jar:/Users/macos/Desktop/OldFace/tools/maven/repository/org/apache/dubbo/dubbo/2.7.1/dubbo-2.7.1.jar:/Users/macos/Desktop/OldFace/tools/maven/repository/org/springframework/spring-context/5.2.4.RELEASE/spring-context-5.2.4.RELEASE.jar:/Users/macos/Desktop/OldFace/tools/maven/repository/io/netty/netty-all/4.1.45.Final/netty-all-4.1.45.Final.jar:/Users/macos/Desktop/OldFace/tools/maven/repository/org/yaml/snakeyaml/1.25/snakeyaml-1.25.jar:/Users/macos/Desktop/OldFace/tools/maven/repository/org/javassist/javassist/3.27.0-GA/javassist-3.27.0-GA.jar:/Users/macos/Desktop/OldFace/tools/maven/repository/com/101tec/zkclient/0.10/zkclient-0.10.jar:/Users/macos/Desktop/OldFace/tools/maven/repository/org/apache/zookeeper/zookeeper/3.4.8/zookeeper-3.4.8.jar:/Users/macos/Desktop/OldFace/tools/maven/repository/org/slf4j/slf4j-log4j12/1.7.30/slf4j-log4j12-1.7.30.jar:/Users/macos/Desktop/OldFace/tools/maven/repository/log4j/log4j/1.2.16/log4j-1.2.16.jar:/Users/macos/Desktop/OldFace/tools/maven/repository/jline/jline/0.9.94/jline-0.9.94.jar:/Users/macos/Desktop/OldFace/tools/maven/repository/io/netty/netty/3.7.0.Final/netty-3.7.0.Final.jar:/Users/macos/Desktop/OldFace/tools/maven/repository/org/apache/rocketmq/rocketmq-client/4.6.1/rocketmq-client-4.6.1.jar:/Users/macos/Desktop/OldFace/tools/maven/repository/org/apache/rocketmq/rocketmq-common/4.6.1/rocketmq-common-4.6.1.jar:/Users/macos/Desktop/OldFace/tools/maven/repository/org/apache/rocketmq/rocketmq-remoting/4.6.1/rocketmq-remoting-4.6.1.jar:/Users/macos/Desktop/OldFace/tools/maven/repository/org/apache/rocketmq/rocketmq-logging/4.6.1/rocketmq-logging-4.6.1.jar:/Users/macos/Desktop/OldFace/tools/maven/repository/io/netty/netty-tcnative-boringssl-static/2.0.29.Final/netty-tcnative-boringssl-static-2.0.29.Final.jar:/Users/macos/Desktop/OldFace/tools/maven/repository/commons-validator/commons-validator/1.6/commons-validator-1.6.jar:/Users/macos/Desktop/OldFace/tools/maven/repository/commons-beanutils/commons-beanutils/1.9.2/commons-beanutils-1.9.2.jar:/Users/macos/Desktop/OldFace/tools/maven/repository/commons-digester/commons-digester/1.8.1/commons-digester-1.8.1.jar:/Users/macos/Desktop/OldFace/tools/maven/repository/commons-logging/commons-logging/1.2/commons-logging-1.2.jar:/Users/macos/Desktop/OldFace/tools/maven/repository/commons-collections/commons-collections/3.2.2/commons-collections-3.2.2.jar:/Users/macos/Desktop/OldFace/tools/maven/repository/org/apache/commons/commons-lang3/3.9/commons-lang3-3.9.jar:/Users/macos/Desktop/OldFace/tools/maven/repository/com/auth0/java-jwt/3.4.0/java-jwt-3.4.0.jar:/Users/macos/Desktop/OldFace/tools/maven/repository/com/fasterxml/jackson/core/jackson-databind/2.10.2/jackson-databind-2.10.2.jar:/Users/macos/Desktop/OldFace/tools/maven/repository/com/fasterxml/jackson/core/jackson-annotations/2.10.2/jackson-annotations-2.10.2.jar:/Users/macos/Desktop/OldFace/tools/maven/repository/com/fasterxml/jackson/core/jackson-core/2.10.2/jackson-core-2.10.2.jar:/Users/macos/Desktop/OldFace/tools/maven/repository/commons-codec/commons-codec/1.13/commons-codec-1.13.jar:/Users/macos/Desktop/OldFace/tools/maven/repository/org/springframework/spring-test/5.2.4.RELEASE/spring-test-5.2.4.RELEASE.jar:/Users/macos/Desktop/OldFace/tools/maven/repository/org/springframework/boot/spring-boot-test/2.2.5.RELEASE/spring-boot-test-2.2.5.RELEASE.jar:/Users/macos/Desktop/OldFace/tools/maven/repository/org/springframework/boot/spring-boot/2.2.5.RELEASE/spring-boot-2.2.5.RELEASE.jar:"/>
    <property name="java.vm.vendor" value="Oracle Corporation"/>
    <property name="sun.arch.data.model" value="64"/>
    <property name="java.vendor.url" value="http://java.oracle.com/"/>
    <property name="user.timezone" value=""/>
    <property name="java.vm.specification.version" value="1.8"/>
    <property name="os.name" value="Mac OS X"/>
    <property name="user.country" value="CN"/>
    <property name="sun.java.launcher" value="SUN_STANDARD"/>
    <property name="sun.boot.library.path" value="/Library/Java/JavaVirtualMachines/jdk1.8.0_121.jdk/Contents/Home/jre/lib"/>
    <property name="sun.java.command" value="/Users/macos/Desktop/OldFace/study/dev/target/surefire/surefirebooter7333677301496387401.jar /Users/macos/Desktop/OldFace/study/dev/target/surefire 2020-05-25T10-33-28_049-jvmRun1 surefire5833122315153807298tmp surefire_059775337835502147tmp"/>
    <property name="surefire.test.class.path" value="/Users/macos/Desktop/OldFace/study/dev/target/test-classes:/Users/macos/Desktop/OldFace/study/dev/target/classes:/Users/macos/Desktop/OldFace/tools/maven/repository/org/springframework/boot/spring-boot-starter-web/2.2.5.RELEASE/spring-boot-starter-web-2.2.5.RELEASE.jar:/Users/macos/Desktop/OldFace/tools/maven/repository/org/springframework/boot/spring-boot-starter/2.2.5.RELEASE/spring-boot-starter-2.2.5.RELEASE.jar:/Users/macos/Desktop/OldFace/tools/maven/repository/jakarta/annotation/jakarta.annotation-api/1.3.5/jakarta.annotation-api-1.3.5.jar:/Users/macos/Desktop/OldFace/tools/maven/repository/org/springframework/boot/spring-boot-starter-json/2.2.5.RELEASE/spring-boot-starter-json-2.2.5.RELEASE.jar:/Users/macos/Desktop/OldFace/tools/maven/repository/com/fasterxml/jackson/datatype/jackson-datatype-jdk8/2.10.2/jackson-datatype-jdk8-2.10.2.jar:/Users/macos/Desktop/OldFace/tools/maven/repository/com/fasterxml/jackson/datatype/jackson-datatype-jsr310/2.10.2/jackson-datatype-jsr310-2.10.2.jar:/Users/macos/Desktop/OldFace/tools/maven/repository/com/fasterxml/jackson/module/jackson-module-parameter-names/2.10.2/jackson-module-parameter-names-2.10.2.jar:/Users/macos/Desktop/OldFace/tools/maven/repository/org/springframework/boot/spring-boot-starter-tomcat/2.2.5.RELEASE/spring-boot-starter-tomcat-2.2.5.RELEASE.jar:/Users/macos/Desktop/OldFace/tools/maven/repository/org/apache/tomcat/embed/tomcat-embed-core/9.0.31/tomcat-embed-core-9.0.31.jar:/Users/macos/Desktop/OldFace/tools/maven/repository/org/apache/tomcat/embed/tomcat-embed-el/9.0.31/tomcat-embed-el-9.0.31.jar:/Users/macos/Desktop/OldFace/tools/maven/repository/org/apache/tomcat/embed/tomcat-embed-websocket/9.0.31/tomcat-embed-websocket-9.0.31.jar:/Users/macos/Desktop/OldFace/tools/maven/repository/org/springframework/boot/spring-boot-starter-validation/2.2.5.RELEASE/spring-boot-starter-validation-2.2.5.RELEASE.jar:/Users/macos/Desktop/OldFace/tools/maven/repository/jakarta/validation/jakarta.validation-api/2.0.2/jakarta.validation-api-2.0.2.jar:/Users/macos/Desktop/OldFace/tools/maven/repository/org/hibernate/validator/hibernate-validator/6.0.18.Final/hibernate-validator-6.0.18.Final.jar:/Users/macos/Desktop/OldFace/tools/maven/repository/org/jboss/logging/jboss-logging/3.4.1.Final/jboss-logging-3.4.1.Final.jar:/Users/macos/Desktop/OldFace/tools/maven/repository/com/fasterxml/classmate/1.5.1/classmate-1.5.1.jar:/Users/macos/Desktop/OldFace/tools/maven/repository/org/springframework/spring-web/5.2.4.RELEASE/spring-web-5.2.4.RELEASE.jar:/Users/macos/Desktop/OldFace/tools/maven/repository/org/springframework/spring-beans/5.2.4.RELEASE/spring-beans-5.2.4.RELEASE.jar:/Users/macos/Desktop/OldFace/tools/maven/repository/org/springframework/spring-webmvc/5.2.4.RELEASE/spring-webmvc-5.2.4.RELEASE.jar:/Users/macos/Desktop/OldFace/tools/maven/repository/org/springframework/spring-aop/5.2.4.RELEASE/spring-aop-5.2.4.RELEASE.jar:/Users/macos/Desktop/OldFace/tools/maven/repository/org/springframework/spring-expression/5.2.4.RELEASE/spring-expression-5.2.4.RELEASE.jar:/Users/macos/Desktop/OldFace/tools/maven/repository/org/springframework/boot/spring-boot-starter-test/2.2.5.RELEASE/spring-boot-starter-test-2.2.5.RELEASE.jar:/Users/macos/Desktop/OldFace/tools/maven/repository/org/springframework/boot/spring-boot-test-autoconfigure/2.2.5.RELEASE/spring-boot-test-autoconfigure-2.2.5.RELEASE.jar:/Users/macos/Desktop/OldFace/tools/maven/repository/com/jayway/jsonpath/json-path/2.4.0/json-path-2.4.0.jar:/Users/macos/Desktop/OldFace/tools/maven/repository/net/minidev/json-smart/2.3/json-smart-2.3.jar:/Users/macos/Desktop/OldFace/tools/maven/repository/net/minidev/accessors-smart/1.2/accessors-smart-1.2.jar:/Users/macos/Desktop/OldFace/tools/maven/repository/org/ow2/asm/asm/5.0.4/asm-5.0.4.jar:/Users/macos/Desktop/OldFace/tools/maven/repository/jakarta/xml/bind/jakarta.xml.bind-api/2.3.2/jakarta.xml.bind-api-2.3.2.jar:/Users/macos/Desktop/OldFace/tools/maven/repository/jakarta/activation/jakarta.activation-api/1.2.2/jakarta.activation-api-1.2.2.jar:/Users/macos/Desktop/OldFace/tools/maven/repository/org/junit/jupiter/junit-jupiter/5.5.2/junit-jupiter-5.5.2.jar:/Users/macos/Desktop/OldFace/tools/maven/repository/org/junit/jupiter/junit-jupiter-api/5.5.2/junit-jupiter-api-5.5.2.jar:/Users/macos/Desktop/OldFace/tools/maven/repository/org/apiguardian/apiguardian-api/1.1.0/apiguardian-api-1.1.0.jar:/Users/macos/Desktop/OldFace/tools/maven/repository/org/opentest4j/opentest4j/1.2.0/opentest4j-1.2.0.jar:/Users/macos/Desktop/OldFace/tools/maven/repository/org/junit/platform/junit-platform-commons/1.5.2/junit-platform-commons-1.5.2.jar:/Users/macos/Desktop/OldFace/tools/maven/repository/org/junit/jupiter/junit-jupiter-params/5.5.2/junit-jupiter-params-5.5.2.jar:/Users/macos/Desktop/OldFace/tools/maven/repository/org/junit/jupiter/junit-jupiter-engine/5.5.2/junit-jupiter-engine-5.5.2.jar:/Users/macos/Desktop/OldFace/tools/maven/repository/org/junit/platform/junit-platform-engine/1.5.2/junit-platform-engine-1.5.2.jar:/Users/macos/Desktop/OldFace/tools/maven/repository/org/mockito/mockito-junit-jupiter/3.1.0/mockito-junit-jupiter-3.1.0.jar:/Users/macos/Desktop/OldFace/tools/maven/repository/org/assertj/assertj-core/3.13.2/assertj-core-3.13.2.jar:/Users/macos/Desktop/OldFace/tools/maven/repository/org/hamcrest/hamcrest/2.1/hamcrest-2.1.jar:/Users/macos/Desktop/OldFace/tools/maven/repository/org/mockito/mockito-core/3.1.0/mockito-core-3.1.0.jar:/Users/macos/Desktop/OldFace/tools/maven/repository/net/bytebuddy/byte-buddy/1.10.8/byte-buddy-1.10.8.jar:/Users/macos/Desktop/OldFace/tools/maven/repository/net/bytebuddy/byte-buddy-agent/1.10.8/byte-buddy-agent-1.10.8.jar:/Users/macos/Desktop/OldFace/tools/maven/repository/org/objenesis/objenesis/2.6/objenesis-2.6.jar:/Users/macos/Desktop/OldFace/tools/maven/repository/org/skyscreamer/jsonassert/1.5.0/jsonassert-1.5.0.jar:/Users/macos/Desktop/OldFace/tools/maven/repository/com/vaadin/external/google/android-json/0.0.20131108.vaadin1/android-json-0.0.20131108.vaadin1.jar:/Users/macos/Desktop/OldFace/tools/maven/repository/org/springframework/spring-core/5.2.4.RELEASE/spring-core-5.2.4.RELEASE.jar:/Users/macos/Desktop/OldFace/tools/maven/repository/org/springframework/spring-jcl/5.2.4.RELEASE/spring-jcl-5.2.4.RELEASE.jar:/Users/macos/Desktop/OldFace/tools/maven/repository/org/xmlunit/xmlunit-core/2.6.3/xmlunit-core-2.6.3.jar:/Users/macos/Desktop/OldFace/tools/maven/repository/org/springframework/boot/spring-boot-starter-logging/2.2.5.RELEASE/spring-boot-starter-logging-2.2.5.RELEASE.jar:/Users/macos/Desktop/OldFace/tools/maven/repository/ch/qos/logback/logback-classic/1.2.3/logback-classic-1.2.3.jar:/Users/macos/Desktop/OldFace/tools/maven/repository/ch/qos/logback/logback-core/1.2.3/logback-core-1.2.3.jar:/Users/macos/Desktop/OldFace/tools/maven/repository/org/apache/logging/log4j/log4j-to-slf4j/2.12.1/log4j-to-slf4j-2.12.1.jar:/Users/macos/Desktop/OldFace/tools/maven/repository/org/apache/logging/log4j/log4j-api/2.12.1/log4j-api-2.12.1.jar:/Users/macos/Desktop/OldFace/tools/maven/repository/org/slf4j/jul-to-slf4j/1.7.30/jul-to-slf4j-1.7.30.jar:/Users/macos/Desktop/OldFace/tools/maven/repository/org/springframework/boot/spring-boot-starter-thymeleaf/2.2.5.RELEASE/spring-boot-starter-thymeleaf-2.2.5.RELEASE.jar:/Users/macos/Desktop/OldFace/tools/maven/repository/org/thymeleaf/thymeleaf-spring5/3.0.11.RELEASE/thymeleaf-spring5-3.0.11.RELEASE.jar:/Users/macos/Desktop/OldFace/tools/maven/repository/org/thymeleaf/thymeleaf/3.0.11.RELEASE/thymeleaf-3.0.11.RELEASE.jar:/Users/macos/Desktop/OldFace/tools/maven/repository/org/attoparser/attoparser/2.0.5.RELEASE/attoparser-2.0.5.RELEASE.jar:/Users/macos/Desktop/OldFace/tools/maven/repository/org/unbescape/unbescape/1.1.6.RELEASE/unbescape-1.1.6.RELEASE.jar:/Users/macos/Desktop/OldFace/tools/maven/repository/org/thymeleaf/extras/thymeleaf-extras-java8time/3.0.4.RELEASE/thymeleaf-extras-java8time-3.0.4.RELEASE.jar:/Users/macos/Desktop/OldFace/tools/maven/repository/com/alibaba/druid-spring-boot-starter/1.1.18/druid-spring-boot-starter-1.1.18.jar:/Users/macos/Desktop/OldFace/tools/maven/repository/com/alibaba/druid/1.1.18/druid-1.1.18.jar:/Users/macos/Desktop/OldFace/tools/maven/repository/org/slf4j/slf4j-api/1.7.30/slf4j-api-1.7.30.jar:/Users/macos/Desktop/OldFace/tools/maven/repository/org/springframework/boot/spring-boot-autoconfigure/2.2.5.RELEASE/spring-boot-autoconfigure-2.2.5.RELEASE.jar:/Users/macos/Desktop/OldFace/tools/maven/repository/org/mybatis/spring/boot/mybatis-spring-boot-starter/1.3.2/mybatis-spring-boot-starter-1.3.2.jar:/Users/macos/Desktop/OldFace/tools/maven/repository/org/springframework/boot/spring-boot-starter-jdbc/2.2.5.RELEASE/spring-boot-starter-jdbc-2.2.5.RELEASE.jar:/Users/macos/Desktop/OldFace/tools/maven/repository/com/zaxxer/HikariCP/3.4.2/HikariCP-3.4.2.jar:/Users/macos/Desktop/OldFace/tools/maven/repository/org/springframework/spring-jdbc/5.2.4.RELEASE/spring-jdbc-5.2.4.RELEASE.jar:/Users/macos/Desktop/OldFace/tools/maven/repository/org/springframework/spring-tx/5.2.4.RELEASE/spring-tx-5.2.4.RELEASE.jar:/Users/macos/Desktop/OldFace/tools/maven/repository/org/mybatis/spring/boot/mybatis-spring-boot-autoconfigure/1.3.2/mybatis-spring-boot-autoconfigure-1.3.2.jar:/Users/macos/Desktop/OldFace/tools/maven/repository/org/mybatis/mybatis/3.4.6/mybatis-3.4.6.jar:/Users/macos/Desktop/OldFace/tools/maven/repository/org/mybatis/mybatis-spring/1.3.2/mybatis-spring-1.3.2.jar:/Users/macos/Desktop/OldFace/tools/maven/repository/org/mybatis/generator/mybatis-generator-core/1.3.5/mybatis-generator-core-1.3.5.jar:/Users/macos/Desktop/OldFace/tools/maven/repository/mysql/mysql-connector-java/8.0.12/mysql-connector-java-8.0.12.jar:/Users/macos/Desktop/OldFace/tools/maven/repository/org/projectlombok/lombok/1.18.12/lombok-1.18.12.jar:/Users/macos/Desktop/OldFace/tools/maven/repository/com/alibaba/fastjson/1.2.60/fastjson-1.2.60.jar:/Users/macos/Desktop/OldFace/tools/maven/repository/com/github/pagehelper/pagehelper-spring-boot-starter/1.2.5/pagehelper-spring-boot-starter-1.2.5.jar:/Users/macos/Desktop/OldFace/tools/maven/repository/com/github/pagehelper/pagehelper-spring-boot-autoconfigure/1.2.5/pagehelper-spring-boot-autoconfigure-1.2.5.jar:/Users/macos/Desktop/OldFace/tools/maven/repository/com/github/pagehelper/pagehelper/5.1.4/pagehelper-5.1.4.jar:/Users/macos/Desktop/OldFace/tools/maven/repository/com/github/jsqlparser/jsqlparser/1.0/jsqlparser-1.0.jar:/Users/macos/Desktop/OldFace/tools/maven/repository/org/testng/testng/6.14.3/testng-6.14.3.jar:/Users/macos/Desktop/OldFace/tools/maven/repository/com/beust/jcommander/1.72/jcommander-1.72.jar:/Users/macos/Desktop/OldFace/tools/maven/repository/org/apache-extras/beanshell/bsh/2.0b6/bsh-2.0b6.jar:/Users/macos/Desktop/OldFace/tools/maven/repository/junit/junit/4.13/junit-4.13.jar:/Users/macos/Desktop/OldFace/tools/maven/repository/org/hamcrest/hamcrest-core/2.1/hamcrest-core-2.1.jar:/Users/macos/Desktop/OldFace/tools/maven/repository/com/aventstack/extentreports/3.1.0/extentreports-3.1.0.jar:/Users/macos/Desktop/OldFace/tools/maven/repository/org/freemarker/freemarker/2.3.29/freemarker-2.3.29.jar:/Users/macos/Desktop/OldFace/tools/maven/repository/org/mongodb/mongodb-driver/3.11.2/mongodb-driver-3.11.2.jar:/Users/macos/Desktop/OldFace/tools/maven/repository/org/mongodb/bson/3.11.2/bson-3.11.2.jar:/Users/macos/Desktop/OldFace/tools/maven/repository/org/mongodb/mongodb-driver-core/3.11.2/mongodb-driver-core-3.11.2.jar:/Users/macos/Desktop/OldFace/tools/maven/repository/org/apache/httpcomponents/httpclient/4.5.11/httpclient-4.5.11.jar:/Users/macos/Desktop/OldFace/tools/maven/repository/org/apache/httpcomponents/httpcore/4.4.13/httpcore-4.4.13.jar:/Users/macos/Desktop/OldFace/tools/maven/repository/org/apache/httpcomponents/httpmime/4.5.11/httpmime-4.5.11.jar:/Users/macos/Desktop/OldFace/tools/maven/repository/org/jsoup/jsoup/1.9.2/jsoup-1.9.2.jar:/Users/macos/Desktop/OldFace/tools/maven/repository/com/google/code/gson/gson/2.8.6/gson-2.8.6.jar:/Users/macos/Desktop/OldFace/tools/maven/repository/com/squareup/okhttp3/okhttp/3.14.2/okhttp-3.14.2.jar:/Users/macos/Desktop/OldFace/tools/maven/repository/com/squareup/okio/okio/1.17.2/okio-1.17.2.jar:/Users/macos/Desktop/OldFace/tools/maven/repository/org/apache/dubbo/dubbo/2.7.1/dubbo-2.7.1.jar:/Users/macos/Desktop/OldFace/tools/maven/repository/org/springframework/spring-context/5.2.4.RELEASE/spring-context-5.2.4.RELEASE.jar:/Users/macos/Desktop/OldFace/tools/maven/repository/io/netty/netty-all/4.1.45.Final/netty-all-4.1.45.Final.jar:/Users/macos/Desktop/OldFace/tools/maven/repository/org/yaml/snakeyaml/1.25/snakeyaml-1.25.jar:/Users/macos/Desktop/OldFace/tools/maven/repository/org/javassist/javassist/3.27.0-GA/javassist-3.27.0-GA.jar:/Users/macos/Desktop/OldFace/tools/maven/repository/com/101tec/zkclient/0.10/zkclient-0.10.jar:/Users/macos/Desktop/OldFace/tools/maven/repository/org/apache/zookeeper/zookeeper/3.4.8/zookeeper-3.4.8.jar:/Users/macos/Desktop/OldFace/tools/maven/repository/org/slf4j/slf4j-log4j12/1.7.30/slf4j-log4j12-1.7.30.jar:/Users/macos/Desktop/OldFace/tools/maven/repository/log4j/log4j/1.2.16/log4j-1.2.16.jar:/Users/macos/Desktop/OldFace/tools/maven/repository/jline/jline/0.9.94/jline-0.9.94.jar:/Users/macos/Desktop/OldFace/tools/maven/repository/io/netty/netty/3.7.0.Final/netty-3.7.0.Final.jar:/Users/macos/Desktop/OldFace/tools/maven/repository/org/apache/rocketmq/rocketmq-client/4.6.1/rocketmq-client-4.6.1.jar:/Users/macos/Desktop/OldFace/tools/maven/repository/org/apache/rocketmq/rocketmq-common/4.6.1/rocketmq-common-4.6.1.jar:/Users/macos/Desktop/OldFace/tools/maven/repository/org/apache/rocketmq/rocketmq-remoting/4.6.1/rocketmq-remoting-4.6.1.jar:/Users/macos/Desktop/OldFace/tools/maven/repository/org/apache/rocketmq/rocketmq-logging/4.6.1/rocketmq-logging-4.6.1.jar:/Users/macos/Desktop/OldFace/tools/maven/repository/io/netty/netty-tcnative-boringssl-static/2.0.29.Final/netty-tcnative-boringssl-static-2.0.29.Final.jar:/Users/macos/Desktop/OldFace/tools/maven/repository/commons-validator/commons-validator/1.6/commons-validator-1.6.jar:/Users/macos/Desktop/OldFace/tools/maven/repository/commons-beanutils/commons-beanutils/1.9.2/commons-beanutils-1.9.2.jar:/Users/macos/Desktop/OldFace/tools/maven/repository/commons-digester/commons-digester/1.8.1/commons-digester-1.8.1.jar:/Users/macos/Desktop/OldFace/tools/maven/repository/commons-logging/commons-logging/1.2/commons-logging-1.2.jar:/Users/macos/Desktop/OldFace/tools/maven/repository/commons-collections/commons-collections/3.2.2/commons-collections-3.2.2.jar:/Users/macos/Desktop/OldFace/tools/maven/repository/org/apache/commons/commons-lang3/3.9/commons-lang3-3.9.jar:/Users/macos/Desktop/OldFace/tools/maven/repository/com/auth0/java-jwt/3.4.0/java-jwt-3.4.0.jar:/Users/macos/Desktop/OldFace/tools/maven/repository/com/fasterxml/jackson/core/jackson-databind/2.10.2/jackson-databind-2.10.2.jar:/Users/macos/Desktop/OldFace/tools/maven/repository/com/fasterxml/jackson/core/jackson-annotations/2.10.2/jackson-annotations-2.10.2.jar:/Users/macos/Desktop/OldFace/tools/maven/repository/com/fasterxml/jackson/core/jackson-core/2.10.2/jackson-core-2.10.2.jar:/Users/macos/Desktop/OldFace/tools/maven/repository/commons-codec/commons-codec/1.13/commons-codec-1.13.jar:/Users/macos/Desktop/OldFace/tools/maven/repository/org/springframework/spring-test/5.2.4.RELEASE/spring-test-5.2.4.RELEASE.jar:/Users/macos/Desktop/OldFace/tools/maven/repository/org/springframework/boot/spring-boot-test/2.2.5.RELEASE/spring-boot-test-2.2.5.RELEASE.jar:/Users/macos/Desktop/OldFace/tools/maven/repository/org/springframework/boot/spring-boot/2.2.5.RELEASE/spring-boot-2.2.5.RELEASE.jar:"/>
    <property name="sun.cpu.endian" value="little"/>
    <property name="user.home" value="/Users/macos"/>
    <property name="user.language" value="zh"/>
    <property name="java.specification.vendor" value="Oracle Corporation"/>
    <property name="java.home" value="/Library/Java/JavaVirtualMachines/jdk1.8.0_121.jdk/Contents/Home/jre"/>
    <property name="basedir" value="/Users/macos/Desktop/OldFace/study/dev"/>
    <property name="file.separator" value="/"/>
    <property name="line.separator" value="&#10;"/>
    <property name="java.vm.specification.vendor" value="Oracle Corporation"/>
    <property name="java.specification.name" value="Java Platform API Specification"/>
    <property name="java.awt.graphicsenv" value="sun.awt.CGraphicsEnvironment"/>
    <property name="surefire.real.class.path" value="/Users/macos/Desktop/OldFace/study/dev/target/surefire/surefirebooter7333677301496387401.jar"/>
    <property name="sun.boot.class.path" value="/Library/Java/JavaVirtualMachines/jdk1.8.0_121.jdk/Contents/Home/jre/lib/resources.jar:/Library/Java/JavaVirtualMachines/jdk1.8.0_121.jdk/Contents/Home/jre/lib/rt.jar:/Library/Java/JavaVirtualMachines/jdk1.8.0_121.jdk/Contents/Home/jre/lib/sunrsasign.jar:/Library/Java/JavaVirtualMachines/jdk1.8.0_121.jdk/Contents/Home/jre/lib/jsse.jar:/Library/Java/JavaVirtualMachines/jdk1.8.0_121.jdk/Contents/Home/jre/lib/jce.jar:/Library/Java/JavaVirtualMachines/jdk1.8.0_121.jdk/Contents/Home/jre/lib/charsets.jar:/Library/Java/JavaVirtualMachines/jdk1.8.0_121.jdk/Contents/Home/jre/lib/jfr.jar:/Library/Java/JavaVirtualMachines/jdk1.8.0_121.jdk/Contents/Home/jre/classes"/>
    <property name="sun.management.compiler" value="HotSpot 64-Bit Tiered Compilers"/>
    <property name="java.runtime.version" value="1.8.0_121-b13"/>
    <property name="user.name" value="macos"/>
    <property name="path.separator" value=":"/>
    <property name="os.version" value="10.12.4"/>
    <property name="java.endorsed.dirs" value="/Library/Java/JavaVirtualMachines/jdk1.8.0_121.jdk/Contents/Home/jre/lib/endorsed"/>
    <property name="java.runtime.name" value="Java(TM) SE Runtime Environment"/>
    <property name="file.encoding" value="UTF-8"/>
    <property name="java.vm.name" value="Java HotSpot(TM) 64-Bit Server VM"/>
    <property name="localRepository" value="/Users/macos/Desktop/OldFace/tools/maven/repository"/>
    <property name="java.vendor.url.bug" value="http://bugreport.sun.com/bugreport/"/>
    <property name="java.io.tmpdir" value="/var/folders/l_/9k0yzxys2v3brfwrfgw_s3zc0000gn/T/"/>
    <property name="java.version" value="1.8.0_121"/>
    <property name="user.dir" value="/Users/macos/Desktop/OldFace/study/dev"/>
    <property name="os.arch" value="x86_64"/>
    <property name="java.vm.specification.name" value="Java Virtual Machine Specification"/>
    <property name="java.awt.printerjob" value="sun.lwawt.macosx.CPrinterJob"/>
    <property name="sun.os.patch.level" value="unknown"/>
    <property name="java.library.path" value="/Users/macos/Library/Java/Extensions:/Library/Java/Extensions:/Network/Library/Java/Extensions:/System/Library/Java/Extensions:/usr/lib/java:."/>
    <property name="java.vm.info" value="mixed mode"/>
    <property name="java.vendor" value="Oracle Corporation"/>
    <property name="java.vm.version" value="25.121-b13"/>
    <property name="java.ext.dirs" value="/Users/macos/Library/Java/Extensions:/Library/Java/JavaVirtualMachines/jdk1.8.0_121.jdk/Contents/Home/jre/lib/ext:/Library/Java/Extensions:/Network/Library/Java/Extensions:/System/Library/Java/Extensions:/usr/lib/java"/>
    <property name="sun.io.unicode.encoding" value="UnicodeBig"/>
    <property name="java.class.version" value="52.0"/>
  </properties>
  <testcase name="test_addTestcase on test_addTestcase(com.ai.dev.service.ITestcaseSvTest)" classname="com.ai.dev.service.ITestcaseSvTest" time="0.471"/>
</testsuite>