<?xml version="1.0" encoding="UTF-8"?>
<!-- Generated by org.testng.reporters.JUnitReportReporter -->
<testsuite skipped="0" hostname="OldFaceLee.local" name="com.ai.dev.testng.testsuite.Testsuite" tests="3" failures="0" timestamp="31 Mar 2020 02:04:59 GMT" time="0.003" errors="0">
  <testcase name="test01" time="0.001" classname="com.ai.dev.testng.testsuite.Testsuite"/>
  <testcase name="test02" time="0.001" classname="com.ai.dev.testng.testsuite.Testsuite"/>
  <testcase name="test03" time="0.001" classname="com.ai.dev.testng.testsuite.Testsuite"/>
</testsuite> <!-- com.ai.dev.testng.testsuite.Testsuite -->
