<?xml version="1.0" encoding="UTF-8"?>
<!-- Generated by org.testng.reporters.JUnitReportReporter -->
<testsuite skipped="0" hostname="OldFaceLee.local" name="com.ai.dev.testng.testsuite.TestNGRunCase" tests="1" failures="0" timestamp="26 五月 2020 15:56:13 GMT" time="0.005" errors="0">
  <testcase name="runScript" time="0.005" classname="com.ai.dev.testng.testsuite.TestNGRunCase"/>
</testsuite> <!-- com.ai.dev.testng.testsuite.TestNGRunCase -->
