<?xml version="1.0" encoding="UTF-8"?>
<!-- Generated by org.testng.reporters.JUnitReportReporter -->
<testsuite skipped="0" hostname="OldFaceLee.local" name="com.ai.dev.testng.testsuite.Testsuite" tests="3" failures="0" timestamp="30 Mar 2020 16:08:28 GMT" time="0.007" errors="0">
  <testcase name="test02" time="0.000" classname="com.ai.dev.testng.testsuite.Testsuite"/>
  <testcase name="test03" time="0.000" classname="com.ai.dev.testng.testsuite.Testsuite"/>
  <testcase name="test01" time="0.007" classname="com.ai.dev.testng.testsuite.Testsuite"/>
</testsuite> <!-- com.ai.dev.testng.testsuite.Testsuite -->
