<?xml version="1.0" encoding="UTF-8"?>
<!-- Generated by org.testng.reporters.JUnitReportReporter -->
<testsuite skipped="0" hostname="OldFaceLee.local" name="com.ai.dev.service.ITestcaseSvTest" tests="1" failures="0" timestamp="25 五月 2020 02:33:41 GMT" time="5.450" errors="0">
  <testcase name="test_addTestcase" time="5.450" classname="com.ai.dev.service.ITestcaseSvTest"/>
</testsuite> <!-- com.ai.dev.service.ITestcaseSvTest -->
