<?xml version="1.0" encoding="UTF-8"?>
<!-- Generated by org.testng.reporters.JUnitReportReporter -->
<testsuite skipped="0" hostname="OldFaceLee.local" name="com.ai.dev.controller.TestcaseControllerTest" tests="3" failures="0" timestamp="07 六月 2020 04:48:39 GMT" time="21.270" errors="0">
  <testcase name="addHttpCase" time="7.326" classname="com.ai.dev.controller.TestcaseControllerTest"/>
  <testcase name="testAjax" time="6.595" classname="com.ai.dev.controller.TestcaseControllerTest"/>
  <testcase name="runCase" time="7.349" classname="com.ai.dev.controller.TestcaseControllerTest"/>
</testsuite> <!-- com.ai.dev.controller.TestcaseControllerTest -->
