<?xml version="1.0" encoding="UTF-8"?>
<!-- Generated by org.testng.reporters.JUnitReportReporter -->
<testsuite skipped="0" hostname="OldFaceLee.local" name="com.ai.dev.service.ITestcaseSvTest" tests="1" failures="0" timestamp="07 六月 2020 04:48:39 GMT" time="0.025" errors="0">
  <testcase name="test_addTestcase" time="0.025" classname="com.ai.dev.service.ITestcaseSvTest"/>
</testsuite> <!-- com.ai.dev.service.ITestcaseSvTest -->
